<?xml version="1.0" encoding="UTF-8"?>
<!-- Generated by org.testng.reporters.JUnitReportReporter -->
<testsuite hostname="DESKTOP-FVD5F0C" failures="0" tests="2" name="com.crm.qa.tests.LoginPageTest" time="38.215" errors="0" timestamp="2022-04-27T15:26:06 IST" skipped="0">
  <testcase classname="com.crm.qa.tests.LoginPageTest" name="validatelogotest" time="14.179"/>
  <system-out/>
  <testcase classname="com.crm.qa.tests.LoginPageTest" name="LoginTest" time="24.036"/>
  <system-out/>
</testsuite> <!-- com.crm.qa.tests.LoginPageTest -->
